Semaforo                                                                                                                PAGE 1
                         1             ORG 0          ; Endereço da primeira instrução
                         2             AJMP INICIO     ; Jump para o início do código
                         3
                         4     ; -------- ROTINAS DE INTERRUPÇÃO -----------
                         5
                         6             ORG 0003h ;Endereço da interrupção INT0, que ocorre no pino 3.2
                         7             JMP EMERGENCIA ;Jump para a rotina de interrupção externa do INT0
                         8             ORG 000Bh      ; Endereço da interrupção do Timer 0
                         9             JMP TIMERSEC   ; Jump para a rotina de interrupção do Timer 0
                        10             ORG 0013h ;Endereço da interrupção INT1, que ocorre no pino 3.1
                        11             JMP BOTAO
                        12
                        13     ; -------------------------------------------
                        14
                        15     ; R0 = registrador utilizado para contar quando bater um segundo
                        16     ; R1 = Registrador para identificar qual estado está para retornar (1= Verde, 2=Amarelo, 3=Vermelho)
                        17     ; R2 = Registrador para indicar flag estado de Emergência (0 = Sem Emergência, 1 = Com Emergência)
                        18     ; R3 = Registrador para guardar a contagem de carros passando pelo sinal verde
                        19     ;
                        20
                        21     TIMERSEC:
                        22             MOV TH0, #11111110b   ; Recarrega TH0 com 0x3C (parte alta de 15536)
                        23             MOV TL0, #00111111b   ; Recarrega TL0 com 0xB0 (parte baixa de 15536)
                        24             CLR TF0          ; Limpa o bit de overflow
                        25             INC R0           ; Incrementa R0
                        26             RETI             ; Retorna da interrupção
                        27
                        28     EMERGENCIA:
                        29             MOV R2, #1 ; Ativando a flag de Emergência
                        30             MOV P2 , #11111011b ; Liga o led Vermelho
                        31             MOV IE, #10000011b ; Habilita interrupções (EA)
                        32                                ; interrupção do Timer 0 (ET0), interrupção externa (INT0)
                        33             MOV TH0, #11111110b     ; Configura TH0 com 0x3C (parte alta de 15536)
                        34             MOV TL0, #00111111b    ; Configura TL0 com 0xB0 (parte baixa de 15536)
                        35             MOV TMOD, #00000001b ; Configura o Timer 0 no Modo 1 (16 bits)
                        36             MOV TCON, #00010001b ; Liga o Timer 0 (TR0 = 1), habilita interrupção externa por borda no IN
                        37             JMP QUINZE ;Jump para começar a contagem
                        38
                        39     BOTAO:
                        40             MOV EA, #00000000B
****ERROR:Invalidsetofoperands:movEA,#00000000B
                        41             INC R3
                        42             RETI
                        43
                        44     QUINZE:
                        45             MOV P1, #11111001b ; Exibe "1" no display
                        46             MOV P0, #10010010b ; Exibe "5" no display
                        47             CJNE R0, #1, QUINZE ; Espera R0 atingir 20
                        48             MOV R0, #0         ; Zera R0
                        49
                        50     CATORZE:
                        51             MOV P1, #11111001b ; Exibe "1" no display
                        52             MOV P0, #10011001b ; Exibe "4" no display
                        53             CJNE R0, #1, CATORZE ; Espera R0 atingir 20
                        54             MOV R0, #0         ; Zera R0
                        55
                        56     TREZE:
                        57             MOV P1, #11111001b ; Exibe "1" no display
                        58             MOV P0, #10110000b ; Exibe "3" no display
                        59             CJNE R0, #1, TREZE ; Espera R0 atingir 20
                        60             MOV R0, #0         ; Zera R0
                        61
                        62     DOZE:
                        63             MOV P1, #11111001b ; Exibe "1" no display
                        64             MOV P0, #10100100b ; Exibe "2" no display
                        65             CJNE R0, #1, DOZE ; Espera R0 atingir 20
                        66             MOV R0, #0         ; Zera R0
                        67
                        68     ONZE:
                        69             MOV P1, #11111001b ; Exibe "1" no display
                        70             MOV P0, #11111001b ; Exibe "1" no display
                        71             CJNE R0, #1, ONZE   ; Espera R0 atingir 20
                        72             MOV R0, #0         ; Zera R0
                        73
                        74     DEZ:
                        75             MOV P1, #11111001b ; Exibe "1" no display
                        76             MOV P0, #11000000b ; Exibe "0" no display
                        77             CJNE R0, #1, DEZ ; Espera R0 atingir 20
                        78             MOV R0, #0         ; Zera R0
                        79
                        80     NOVE:
                        81             MOV P1, #11000000b ; Exibe "0" no display
                        82             MOV P0, #10010000b ; Exibe "9" no display
                        83             CJNE R0, #1, NOVE ; Espera R0 atingir 20
                        84             MOV R0, #0         ; Zera R0
                        85
                        86     OITO:
                        87             MOV P1, #11000000b ; Exibe "0" no display
                        88             MOV P0, #10000000b ; Exibe "8" no display
                        89             CJNE R0, #1, OITO ; Espera R0 atingir 20
                        90             MOV R0, #0         ; Zera R0
                        91
                        92     SETE:
                        93             MOV P1, #11000000b ; Exibe "0" no display
                        94             MOV P0, #11111000b ; Exibe "7" no display
                        95             CJNE R0, #1, SETE ; Espera R0 atingir 20
                        96             MOV R0, #0         ; Zera R0
                        97
                        98     SEIS:
                        99             MOV P1, #11000000b ; Exibe "0" no display
                       100             MOV P0, #10000010b ; Exibe "6" no display
                       101             CJNE R0, #1, SEIS ; Espera R0 atingir 20
                       102             MOV R0, #0         ; Zera R0
                       103
                       104     CINCO:
                       105              MOV P1, #11000000b ; Exibe "0" no display
                       106              MOV P0, #10010010b ; Exibe "5" no display
                       107              CJNE R0, #1, CINCO ; Espera R0 atingir 20
                       108              MOV R0, #0         ; Zera R0
                       109
                       110     QUATRO:
                       111              MOV P1, #11000000b ; Exibe "0" no display
                       112              MOV P0, #10011001b ; Exibe "4" no display
                       113              CJNE R0, #1, QUATRO ; Espera R0 atingir 20
                       114              MOV R0, #0         ; Zera R0
                       115
                       116     TRES:
                       117              MOV P1, #11000000b ; Exibe "0" no display
                       118              MOV P0, #10110000b ; Exibe "3" no display
                       119              CJNE R0, #1, TRES ; Espera R0 atingir 20
                       120              MOV R0, #0         ; Zera R0
                       121
                       122     DOIS:
                       123              MOV P1, #11000000b ; Exibe "0" no display
                       124              MOV P0, #10100100b ; Exibe "2" no display
                       125              CJNE R0, #1, DOIS ; Espera R0 atingir 20
                       126              MOV R0, #0         ; Zera R0
                       127
                       128     UM:
                       129              MOV P1, #11000000b ; Exibe "0" no display
                       130              MOV P0, #11111001b ; Exibe "1" no display
                       131              CJNE R0, #1, UM   ; Espera R0 atingir 20
                       132              MOV R0, #0         ; Zera R0
                       133
                       134     ZERO:
                       135              MOV P1, #11000000b ; Exibe "0" no display
                       136              MOV P0, #11000000b ; Exibe "0" no display
                       137              CJNE R0, #1, ZERO ; Espera R0 atingir 20
                       138              MOV R0, #0         ; Zera R0
                       139              CJNE R2, #0, PROXIMO_ESTADO ; Caso uma emergência tenha occorido, ele volta para o estado an
                       140              JMP AMARELO   ; Vai para o estado AMARELO
                       141
                       142     PROXIMO_ESTADO:
                       143             MOV R2, #0 ;Zerando a flag de emergência
                       144             CJNE R1, #1, AMARELO_ANTERIOR; Caso não seja estado Verde Verifica se é amarelo
                       145             JMP VERDE ;Caso seja vermelho Volta para o estado Inicial de Vermelho
                       146     AMARELO_ANTERIOR:
                       147             CJNE R1, #2, VERDE ;Caso não seja estado Amarelo, é o estado Verde
                       148             JMP VERMELHO ;Vai para o estado Amarelo
                       149
                       150     INICIO:
                       151             MOV IE, #10000111b ; Habilita interrupções (EA)
                       152                             ; interrupção do Timer 0 (ET0), interrupção externa (INT0)
                       153             MOV IP, #00000101b ;Configura a prioridade do INT0 e INT1 acima do TIMER1
                       154             MOV TH0, #11111110b     ; Configura TH0 com 0x3C (parte alta de 15536)
                       155             MOV TL0, #00111111b    ; Configura TL0 com 0xB0 (parte baixa de 15536)
                       156             MOV TMOD, #00000001b ; Configura o Timer 0 no Modo 1 (16 bits)
                       157             MOV TCON, #00010101b ; Liga o Timer 0 (TR0 = 1), habilita interrupção externa por borda no IN
                       158
                       159     VERDE:
                       160             MOV R1, #1 ; Indicar que está no estado Verde
                       161             MOV R3, #0 ; Inicializa o contador de carros
                       162             MOV P2, #11111110b ;Ligar o led verde
                       163             JMP DEZ ;Jump para iniciar a contagem de dez segundos do Estado Verde
                       164             CJNE R3, #5, AMARELO ; Se o número de carros não tiver alcançado 5 continua pro amarelo
                       165
                       166             MOV R3, #0 ;Zera o contador de carros
                       167             JMP QUINZE ; Aumenta duração do sinal verde
                       168
                       169     AMARELO:
                       170             MOV R1, #2 ;Indicar que está no estado Amarelo
                       171             MOV P2 , #11111101b ; Ligar o led amarelo
                       172             JMP TRES  ;Jump para Iniciar a contagem do Estado Amarelo
                       173
                       174     VERMELHO:
                       175
                       176     END
ASSEMBLY COMPLETE, NO ERRORS FOUND, 1 WARNING


ERROR SUMMARY:
Line 40, ERROR:Invalidsetofoperands:movEA,#00000000B

SYMBOL TABLE:
??MCU_8051_IDE . . . . . . . . . . .  N  NUMB  8051H  NOT USED
??VERSION. . . . . . . . . . . . . .  N  NUMB  0149H  NOT USED
AC . . . . . . . . . . . . . . . . .  B  ADDR  00D6H  NOT USED
ACC. . . . . . . . . . . . . . . . .  D  ADDR  00E0H  NOT USED
ACSR . . . . . . . . . . . . . . . .  D  ADDR  0097H  NOT USED
ADCF . . . . . . . . . . . . . . . .  D  ADDR  00F6H  NOT USED
ADCLK. . . . . . . . . . . . . . . .  D  ADDR  00F2H  NOT USED
ADCON. . . . . . . . . . . . . . . .  D  ADDR  00F3H  NOT USED
ADDH . . . . . . . . . . . . . . . .  D  ADDR  00F5H  NOT USED
ADDL . . . . . . . . . . . . . . . .  D  ADDR  00F4H  NOT USED
AMARELO. . . . . . . . . . . . . . .  C  ADDR  011FH
AMARELO_ANTERIOR . . . . . . . . . .  C  ADDR  00F7H
AUXR . . . . . . . . . . . . . . . .  D  ADDR  008EH  NOT USED
AUXR1. . . . . . . . . . . . . . . .  D  ADDR  00A2H  NOT USED
B. . . . . . . . . . . . . . . . . .  D  ADDR  00F0H  NOT USED
BDRCON . . . . . . . . . . . . . . .  D  ADDR  009BH  NOT USED
BDRCON_1 . . . . . . . . . . . . . .  D  ADDR  009CH  NOT USED
BOTAO. . . . . . . . . . . . . . . .  C  ADDR  0037H
BRL. . . . . . . . . . . . . . . . .  D  ADDR  009AH  NOT USED
CATORZE. . . . . . . . . . . . . . .  C  ADDR  0044H
CCAP0H . . . . . . . . . . . . . . .  D  ADDR  00FAH  NOT USED
CCAP0L . . . . . . . . . . . . . . .  D  ADDR  00EAH  NOT USED
CCAP1H . . . . . . . . . . . . . . .  D  ADDR  00FBH  NOT USED
CCAP1L . . . . . . . . . . . . . . .  D  ADDR  00EBH  NOT USED
CCAP2H . . . . . . . . . . . . . . .  D  ADDR  00FCH  NOT USED
CCAP3H . . . . . . . . . . . . . . .  D  ADDR  00FDH  NOT USED
CCAP4H . . . . . . . . . . . . . . .  D  ADDR  00FEH  NOT USED
CCAPL2H. . . . . . . . . . . . . . .  D  ADDR  00FCH  NOT USED
CCAPL2L. . . . . . . . . . . . . . .  D  ADDR  00ECH  NOT USED
CCAPL3H. . . . . . . . . . . . . . .  D  ADDR  00FDH  NOT USED
CCAPL3L. . . . . . . . . . . . . . .  D  ADDR  00EDH  NOT USED
CCAPL4H. . . . . . . . . . . . . . .  D  ADDR  00FEH  NOT USED
CCAPL4L. . . . . . . . . . . . . . .  D  ADDR  00EEH  NOT USED
CCAPM0 . . . . . . . . . . . . . . .  D  ADDR  00DAH  NOT USED
CCAPM1 . . . . . . . . . . . . . . .  D  ADDR  00DBH  NOT USED
CCAPM2 . . . . . . . . . . . . . . .  D  ADDR  00DCH  NOT USED
CCAPM3 . . . . . . . . . . . . . . .  D  ADDR  00DDH  NOT USED
CCAPM4 . . . . . . . . . . . . . . .  D  ADDR  00DEH  NOT USED
CCF0 . . . . . . . . . . . . . . . .  B  ADDR  00D8H  NOT USED
CCF1 . . . . . . . . . . . . . . . .  B  ADDR  00D9H  NOT USED
CCF2 . . . . . . . . . . . . . . . .  B  ADDR  00DAH  NOT USED
CCF3 . . . . . . . . . . . . . . . .  B  ADDR  00DBH  NOT USED
CCF4 . . . . . . . . . . . . . . . .  B  ADDR  00DCH  NOT USED
CCON . . . . . . . . . . . . . . . .  D  ADDR  00D8H  NOT USED
CFINT. . . . . . . . . . . . . . . .  C  ADDR  0033H  NOT USED
CH . . . . . . . . . . . . . . . . .  D  ADDR  00F9H  NOT USED
CINCO. . . . . . . . . . . . . . . .  C  ADDR  00A7H
CKCON. . . . . . . . . . . . . . . .  D  ADDR  008FH  NOT USED
CKCON0 . . . . . . . . . . . . . . .  D  ADDR  008FH  NOT USED
CKRL . . . . . . . . . . . . . . . .  D  ADDR  0097H  NOT USED
CKSEL. . . . . . . . . . . . . . . .  D  ADDR  0085H  NOT USED
CL . . . . . . . . . . . . . . . . .  D  ADDR  00E9H  NOT USED
CLKREG . . . . . . . . . . . . . . .  D  ADDR  008FH  NOT USED
CMOD . . . . . . . . . . . . . . . .  D  ADDR  00D9H  NOT USED
CPRL2. . . . . . . . . . . . . . . .  B  ADDR  00C8H  NOT USED
CR . . . . . . . . . . . . . . . . .  B  ADDR  00DEH  NOT USED
CT2. . . . . . . . . . . . . . . . .  B  ADDR  00C9H  NOT USED
CY . . . . . . . . . . . . . . . . .  B  ADDR  00D7H  NOT USED
DEZ. . . . . . . . . . . . . . . . .  C  ADDR  0070H
DOIS . . . . . . . . . . . . . . . .  C  ADDR  00C8H
DOZE . . . . . . . . . . . . . . . .  C  ADDR  005AH
DP0H . . . . . . . . . . . . . . . .  D  ADDR  0083H  NOT USED
DP0L . . . . . . . . . . . . . . . .  D  ADDR  0082H  NOT USED
DP1H . . . . . . . . . . . . . . . .  D  ADDR  0085H  NOT USED
DP1L . . . . . . . . . . . . . . . .  D  ADDR  0084H  NOT USED
DPH. . . . . . . . . . . . . . . . .  D  ADDR  0083H  NOT USED
DPL. . . . . . . . . . . . . . . . .  D  ADDR  0082H  NOT USED
EA . . . . . . . . . . . . . . . . .  B  ADDR  00AFH  NOT USED
EC . . . . . . . . . . . . . . . . .  B  ADDR  00AEH  NOT USED
EECON. . . . . . . . . . . . . . . .  D  ADDR  0096H  NOT USED
EMERGENCIA . . . . . . . . . . . . .  C  ADDR  0020H
ES . . . . . . . . . . . . . . . . .  B  ADDR  00ACH  NOT USED
ET0. . . . . . . . . . . . . . . . .  B  ADDR  00A9H  NOT USED
ET1. . . . . . . . . . . . . . . . .  B  ADDR  00ABH  NOT USED
ET2. . . . . . . . . . . . . . . . .  B  ADDR  00ADH  NOT USED
EX0. . . . . . . . . . . . . . . . .  B  ADDR  00A8H  NOT USED
EX1. . . . . . . . . . . . . . . . .  B  ADDR  00AAH  NOT USED
EXEN2. . . . . . . . . . . . . . . .  B  ADDR  00CBH  NOT USED
EXF2 . . . . . . . . . . . . . . . .  B  ADDR  00CEH  NOT USED
EXTI0. . . . . . . . . . . . . . . .  C  ADDR  0003H  NOT USED
EXTI1. . . . . . . . . . . . . . . .  C  ADDR  0013H  NOT USED
F0 . . . . . . . . . . . . . . . . .  B  ADDR  00D5H  NOT USED
FE . . . . . . . . . . . . . . . . .  B  ADDR  009FH  NOT USED
IE . . . . . . . . . . . . . . . . .  D  ADDR  00A8H
IE0. . . . . . . . . . . . . . . . .  B  ADDR  0089H  NOT USED
IE1. . . . . . . . . . . . . . . . .  B  ADDR  008BH  NOT USED
INICIO . . . . . . . . . . . . . . .  C  ADDR  00FDH
INT0 . . . . . . . . . . . . . . . .  B  ADDR  00B2H  NOT USED
INT1 . . . . . . . . . . . . . . . .  B  ADDR  00B3H  NOT USED
IP . . . . . . . . . . . . . . . . .  D  ADDR  00B8H
IPH. . . . . . . . . . . . . . . . .  D  ADDR  00B7H  NOT USED
IPH0 . . . . . . . . . . . . . . . .  D  ADDR  00B7H  NOT USED
IPH1 . . . . . . . . . . . . . . . .  D  ADDR  00B3H  NOT USED
IPL0 . . . . . . . . . . . . . . . .  D  ADDR  00B8H  NOT USED
IPL1 . . . . . . . . . . . . . . . .  D  ADDR  00B2H  NOT USED
IT0. . . . . . . . . . . . . . . . .  B  ADDR  0088H  NOT USED
IT1. . . . . . . . . . . . . . . . .  B  ADDR  008AH  NOT USED
KBE. . . . . . . . . . . . . . . . .  D  ADDR  009DH  NOT USED
KBF. . . . . . . . . . . . . . . . .  D  ADDR  009EH  NOT USED
KBLS . . . . . . . . . . . . . . . .  D  ADDR  009CH  NOT USED
NOVE . . . . . . . . . . . . . . . .  C  ADDR  007BH
OITO . . . . . . . . . . . . . . . .  C  ADDR  0086H
ONZE . . . . . . . . . . . . . . . .  C  ADDR  0065H
OSCCON . . . . . . . . . . . . . . .  D  ADDR  0086H  NOT USED
OV . . . . . . . . . . . . . . . . .  B  ADDR  00D2H  NOT USED
P. . . . . . . . . . . . . . . . . .  B  ADDR  00D0H  NOT USED
P0 . . . . . . . . . . . . . . . . .  D  ADDR  0080H
P1 . . . . . . . . . . . . . . . . .  D  ADDR  0090H
P1M1 . . . . . . . . . . . . . . . .  D  ADDR  00D4H  NOT USED
P1M2 . . . . . . . . . . . . . . . .  D  ADDR  00E2H  NOT USED
P2 . . . . . . . . . . . . . . . . .  D  ADDR  00A0H
P3 . . . . . . . . . . . . . . . . .  D  ADDR  00B0H  NOT USED
P3M1 . . . . . . . . . . . . . . . .  D  ADDR  00D5H  NOT USED
P3M2 . . . . . . . . . . . . . . . .  D  ADDR  00E3H  NOT USED
P4 . . . . . . . . . . . . . . . . .  D  ADDR  00C0H  NOT USED
P4M1 . . . . . . . . . . . . . . . .  D  ADDR  00D6H  NOT USED
P4M2 . . . . . . . . . . . . . . . .  D  ADDR  00E4H  NOT USED
P5 . . . . . . . . . . . . . . . . .  D  ADDR  00E8H  NOT USED
PC . . . . . . . . . . . . . . . . .  B  ADDR  00BEH  NOT USED
PCON . . . . . . . . . . . . . . . .  D  ADDR  0087H  NOT USED
PPCL . . . . . . . . . . . . . . . .  B  ADDR  00BEH  NOT USED
PROXIMO_ESTADO . . . . . . . . . . .  C  ADDR  00EFH
PS . . . . . . . . . . . . . . . . .  B  ADDR  00BCH  NOT USED
PSL. . . . . . . . . . . . . . . . .  B  ADDR  00BCH  NOT USED
PSW. . . . . . . . . . . . . . . . .  D  ADDR  00D0H  NOT USED
PT0. . . . . . . . . . . . . . . . .  B  ADDR  00B9H  NOT USED
PT0L . . . . . . . . . . . . . . . .  B  ADDR  00B9H  NOT USED
PT1. . . . . . . . . . . . . . . . .  B  ADDR  00BBH  NOT USED
PT1L . . . . . . . . . . . . . . . .  B  ADDR  00BBH  NOT USED
PT2. . . . . . . . . . . . . . . . .  B  ADDR  00BDH  NOT USED
PT2L . . . . . . . . . . . . . . . .  B  ADDR  00BDH  NOT USED
PX0. . . . . . . . . . . . . . . . .  B  ADDR  00B8H  NOT USED
PX0L . . . . . . . . . . . . . . . .  B  ADDR  00B8H  NOT USED
PX1. . . . . . . . . . . . . . . . .  B  ADDR  00BAH  NOT USED
PX1L . . . . . . . . . . . . . . . .  B  ADDR  00BAH  NOT USED
QUATRO . . . . . . . . . . . . . . .  C  ADDR  00B2H
QUINZE . . . . . . . . . . . . . . .  C  ADDR  0039H
RB8. . . . . . . . . . . . . . . . .  B  ADDR  009AH  NOT USED
RCAP2H . . . . . . . . . . . . . . .  D  ADDR  00CBH  NOT USED
RCAP2L . . . . . . . . . . . . . . .  D  ADDR  00CAH  NOT USED
RCLK . . . . . . . . . . . . . . . .  B  ADDR  00CDH  NOT USED
RD . . . . . . . . . . . . . . . . .  B  ADDR  00B7H  NOT USED
REN. . . . . . . . . . . . . . . . .  B  ADDR  009CH  NOT USED
RESET. . . . . . . . . . . . . . . .  C  ADDR  0000H  NOT USED
RI . . . . . . . . . . . . . . . . .  B  ADDR  0098H  NOT USED
RS0. . . . . . . . . . . . . . . . .  B  ADDR  00D3H  NOT USED
RS1. . . . . . . . . . . . . . . . .  B  ADDR  00D4H  NOT USED
RXD. . . . . . . . . . . . . . . . .  B  ADDR  00B0H  NOT USED
SADDR. . . . . . . . . . . . . . . .  D  ADDR  00A9H  NOT USED
SADDR_0. . . . . . . . . . . . . . .  D  ADDR  00A9H  NOT USED
SADDR_1. . . . . . . . . . . . . . .  D  ADDR  00AAH  NOT USED
SADEN. . . . . . . . . . . . . . . .  D  ADDR  00B9H  NOT USED
SADEN_0. . . . . . . . . . . . . . .  D  ADDR  00B9H  NOT USED
SADEN_1. . . . . . . . . . . . . . .  D  ADDR  00BAH  NOT USED
SBUF . . . . . . . . . . . . . . . .  D  ADDR  0099H  NOT USED
SCON . . . . . . . . . . . . . . . .  D  ADDR  0098H  NOT USED
SEIS . . . . . . . . . . . . . . . .  C  ADDR  009CH
SETE . . . . . . . . . . . . . . . .  C  ADDR  0091H
SINT . . . . . . . . . . . . . . . .  C  ADDR  0023H  NOT USED
SM0. . . . . . . . . . . . . . . . .  B  ADDR  009FH  NOT USED
SM1. . . . . . . . . . . . . . . . .  B  ADDR  009EH  NOT USED
SM2. . . . . . . . . . . . . . . . .  B  ADDR  009DH  NOT USED
SP . . . . . . . . . . . . . . . . .  D  ADDR  0081H  NOT USED
SPCON. . . . . . . . . . . . . . . .  D  ADDR  00C3H  NOT USED
SPCR . . . . . . . . . . . . . . . .  D  ADDR  00D5H  NOT USED
SPDAT. . . . . . . . . . . . . . . .  D  ADDR  00C5H  NOT USED
SPDR . . . . . . . . . . . . . . . .  D  ADDR  0086H  NOT USED
SPSR . . . . . . . . . . . . . . . .  D  ADDR  00AAH  NOT USED
SPSTA. . . . . . . . . . . . . . . .  D  ADDR  00C4H  NOT USED
T0 . . . . . . . . . . . . . . . . .  B  ADDR  00B4H  NOT USED
T1 . . . . . . . . . . . . . . . . .  B  ADDR  00B5H  NOT USED
T2CON. . . . . . . . . . . . . . . .  D  ADDR  00C8H  NOT USED
T2MOD. . . . . . . . . . . . . . . .  D  ADDR  00C9H  NOT USED
TB8. . . . . . . . . . . . . . . . .  B  ADDR  009BH  NOT USED
TCLK . . . . . . . . . . . . . . . .  B  ADDR  00CCH  NOT USED
TCON . . . . . . . . . . . . . . . .  D  ADDR  0088H
TF0. . . . . . . . . . . . . . . . .  B  ADDR  008DH
TF1. . . . . . . . . . . . . . . . .  B  ADDR  008FH  NOT USED
TF2. . . . . . . . . . . . . . . . .  B  ADDR  00CFH  NOT USED
TH0. . . . . . . . . . . . . . . . .  D  ADDR  008CH
TH1. . . . . . . . . . . . . . . . .  D  ADDR  008DH  NOT USED
TH2. . . . . . . . . . . . . . . . .  D  ADDR  00CDH  NOT USED
TI . . . . . . . . . . . . . . . . .  B  ADDR  0099H  NOT USED
TIMER0 . . . . . . . . . . . . . . .  C  ADDR  000BH  NOT USED
TIMER1 . . . . . . . . . . . . . . .  C  ADDR  001BH  NOT USED
TIMER2 . . . . . . . . . . . . . . .  C  ADDR  002BH  NOT USED
TIMERSEC . . . . . . . . . . . . . .  C  ADDR  0016H
TL0. . . . . . . . . . . . . . . . .  D  ADDR  008AH
TL1. . . . . . . . . . . . . . . . .  D  ADDR  008BH  NOT USED
TL2. . . . . . . . . . . . . . . . .  D  ADDR  00CCH  NOT USED
TMOD . . . . . . . . . . . . . . . .  D  ADDR  0089H
TR0. . . . . . . . . . . . . . . . .  B  ADDR  008CH  NOT USED
TR1. . . . . . . . . . . . . . . . .  B  ADDR  008EH  NOT USED
TR2. . . . . . . . . . . . . . . . .  B  ADDR  00CAH  NOT USED
TRES . . . . . . . . . . . . . . . .  C  ADDR  00BDH
TREZE. . . . . . . . . . . . . . . .  C  ADDR  004FH
TXD. . . . . . . . . . . . . . . . .  B  ADDR  00B1H  NOT USED
UM . . . . . . . . . . . . . . . . .  C  ADDR  00D3H
VERDE. . . . . . . . . . . . . . . .  C  ADDR  010FH
VERMELHO . . . . . . . . . . . . . .  C  ADDR  0126H
WDTCON . . . . . . . . . . . . . . .  D  ADDR  00A7H  NOT USED
WDTPRG . . . . . . . . . . . . . . .  D  ADDR  00A7H  NOT USED
WDTRST . . . . . . . . . . . . . . .  D  ADDR  00A6H  NOT USED
WR . . . . . . . . . . . . . . . . .  B  ADDR  00B6H  NOT USED
ZERO . . . . . . . . . . . . . . . .  C  ADDR  00DEH